[22Dec2025 20:27:06.255] [main/INFO] [cpw.mods.modlauncher.Launcher/MODLAUNCHER]: ModLauncher running: args [--launchTarget, forgeclientdev, --version, 21.1.190, --assetIndex, 17, --assetsDir, C:\\Users\\perso\\.mcreator\\gradle\\caches\\neoformruntime\\assets, --gameDir, ., --fml.fmlVersion, 4.0.41, --fml.mcVersion, 1.21.1, --fml.neoForgeVersion, 21.1.190, --fml.neoFormVersion, 20240808.144430]
[22Dec2025 20:27:06.261] [main/INFO] [cpw.mods.modlauncher.Launcher/MODLAUNCHER]: JVM identified as Eclipse Adoptium OpenJDK 64-Bit Server VM 21.0.8+9-LTS
[22Dec2025 20:27:06.263] [main/INFO] [cpw.mods.modlauncher.Launcher/MODLAUNCHER]: ModLauncher 11.0.5+main.901c6ea8 starting: java version 21.0.8 by Eclipse Adoptium; OS Windows 11 arch amd64 version 10.0
[22Dec2025 20:27:06.450] [main/INFO] [net.neoforged.fml.loading.ImmediateWindowHandler/]: Loading ImmediateWindowProvider fmlearlywindow
[22Dec2025 20:27:06.571] [main/INFO] [EARLYDISPLAY/]: Trying GL version 4.6
[22Dec2025 20:27:06.668] [main/INFO] [EARLYDISPLAY/]: Requested GL version 4.6 got version 4.6
[22Dec2025 20:27:06.767] [main/INFO] [mixin/]: SpongePowered MIXIN Subsystem Version=0.8.7 Source=union:/C:/Users/perso/.mcreator/gradle/caches/modules-2/files-2.1/net.fabricmc/sponge-mixin/0.15.2+mixin.0.8.7/2af2f021d8e02a0220dc27a7a72b4666d66d44ca/sponge-mixin-0.15.2+mixin.0.8.7.jar%23138!/ Service=ModLauncher Env=CLIENT
[22Dec2025 20:27:07.005] [pool-2-thread-1/INFO] [EARLYDISPLAY/]: GL info: AMD Radeon RX 9060 XT GL version 4.6.0 Core Profile Context 25.12.1.251128, ATI Technologies Inc.
[22Dec2025 20:27:07.120] [main/INFO] [net.neoforged.fml.loading.moddiscovery.locators.JarInJarDependencyLocator/]: Found 2 dependencies adding them to mods collection
[22Dec2025 20:27:07.122] [main/INFO] [net.neoforged.fml.loading.moddiscovery.ModDiscoverer/]: 
     Mod List:
		Name Version (Mod Id)

		Minecraft 1.21.1 (minecraft)
		NeoForge 21.1.190 (neoforge)
		Zone Cleaner 3.1.0 (zone_cleaner)
[22Dec2025 20:27:07.870] [main/INFO] [cpw.mods.modlauncher.LaunchServiceHandler/MODLAUNCHER]: Launching target 'forgeclientdev' with arguments [--version, 21.1.190, --gameDir, ., --assetsDir, C:\Users\perso\.mcreator\gradle\caches\neoformruntime\assets, --assetIndex, 17]
[22Dec2025 20:27:09.955] [Datafixer Bootstrap/INFO] [com.mojang.datafixers.DataFixerBuilder/]: 229 Datafixer optimizations took 410 milliseconds
[22Dec2025 20:27:10.288] [pool-7-thread-1/INFO] [MixinExtras|Service/]: Initializing MixinExtras via com.llamalad7.mixinextras.service.MixinExtrasServiceImpl(version=0.4.1).
[22Dec2025 20:27:15.285] [main/WARN] [net.minecraft.commands.Commands/]: Ambiguity between arguments [teleport, location] and [teleport, destination] with inputs: [0.1 -0.5 .9, 0 0 0]
[22Dec2025 20:27:15.286] [main/WARN] [net.minecraft.commands.Commands/]: Ambiguity between arguments [teleport, location] and [teleport, targets] with inputs: [0.1 -0.5 .9, 0 0 0]
[22Dec2025 20:27:15.289] [main/WARN] [net.minecraft.commands.Commands/]: Ambiguity between arguments [teleport, destination] and [teleport, targets] with inputs: [Player, 0123, @e, dd12be42-52a9-4a91-a8a1-11c01849e498]
[22Dec2025 20:27:15.290] [main/WARN] [net.minecraft.commands.Commands/]: Ambiguity between arguments [teleport, targets] and [teleport, destination] with inputs: [Player, 0123, dd12be42-52a9-4a91-a8a1-11c01849e498]
[22Dec2025 20:27:15.291] [main/WARN] [net.minecraft.commands.Commands/]: Ambiguity between arguments [teleport, targets, location] and [teleport, targets, destination] with inputs: [0.1 -0.5 .9, 0 0 0]
[22Dec2025 20:27:15.420] [Render thread/WARN] [net.minecraft.server.packs.VanillaPackResourcesBuilder/]: Assets URL 'union:/O:/Minecraft/Mods/Zone%20Cleaner/neoforge_1.21.1/build/moddev/artifacts/neoforge-21.1.190.jar%23189!/assets/.mcassetsroot' uses unexpected schema
[22Dec2025 20:27:15.421] [Render thread/WARN] [net.minecraft.server.packs.VanillaPackResourcesBuilder/]: Assets URL 'union:/O:/Minecraft/Mods/Zone%20Cleaner/neoforge_1.21.1/build/moddev/artifacts/neoforge-21.1.190.jar%23189!/data/.mcassetsroot' uses unexpected schema
[22Dec2025 20:27:15.463] [Render thread/INFO] [com.mojang.authlib.yggdrasil.YggdrasilAuthenticationService/]: Environment: Environment[sessionHost=https://sessionserver.mojang.com, servicesHost=https://api.minecraftservices.com, name=PROD]
[22Dec2025 20:27:15.471] [Render thread/INFO] [net.minecraft.client.Minecraft/]: Setting user: Dev
[22Dec2025 20:27:15.563] [Render thread/ERROR] [net.minecraft.client.Options/]: Error parsing option value off for option Smooth Lighting: Not a boolean: "off"
[22Dec2025 20:27:15.567] [Render thread/ERROR] [net.minecraft.client.Options/]: Error parsing option value fast for option Graphics: Not a number: "fast"
[22Dec2025 20:27:15.567] [Render thread/ERROR] [net.minecraft.client.Options/]: Error parsing option value minimal for option Particles: Not a number: "minimal"
[22Dec2025 20:27:15.578] [Render thread/INFO] [net.minecraft.client.Minecraft/]: Backend library: LWJGL version 3.3.3+5
[22Dec2025 20:27:15.942] [modloading-worker-0/INFO] [net.neoforged.neoforge.common.NeoForgeMod/NEOFORGE-MOD]: NeoForge mod loading, version 21.1.190, for MC 1.21.1
[22Dec2025 20:27:16.668] [Render thread/INFO] [net.neoforged.neoforge.gametest.GameTestHooks/]: Enabled Gametest Namespaces: []
[22Dec2025 20:27:16.780] [Render thread/INFO] [net.minecraft.server.packs.resources.ReloadableResourceManager/]: Reloading ResourceManager: vanilla, mod_resources, mod/neoforge, mod/zone_cleaner
[22Dec2025 20:27:16.958] [Worker-Main-13/INFO] [net.minecraft.client.gui.font.providers.UnihexProvider/]: Found unifont_all_no_pua-15.1.05.hex, loading
[22Dec2025 20:27:16.976] [Worker-Main-9/INFO] [net.minecraft.client.gui.font.providers.UnihexProvider/]: Found unifont_jp_patch-15.1.05.hex, loading
[22Dec2025 20:27:18.319] [Render thread/WARN] [net.minecraft.client.sounds.SoundEngine/]: Missing sound for event: minecraft:item.goat_horn.play
[22Dec2025 20:27:18.319] [Render thread/WARN] [net.minecraft.client.sounds.SoundEngine/]: Missing sound for event: minecraft:entity.goat.screaming.horn_break
[22Dec2025 20:27:18.367] [Render thread/INFO] [com.mojang.blaze3d.audio.Library/]: OpenAL initialized on device OpenAL Soft on Oreillette de casque (CORSAIR HS80 RGB Wireless Gaming Headset)
[22Dec2025 20:27:18.367] [Render thread/INFO] [net.minecraft.client.sounds.SoundEngine/SOUNDS]: Sound engine started
[22Dec2025 20:27:18.475] [Render thread/INFO] [net.minecraft.client.renderer.texture.TextureAtlas/]: Created: 1024x512x0 minecraft:textures/atlas/blocks.png-atlas
[22Dec2025 20:27:18.479] [Render thread/INFO] [net.minecraft.client.renderer.texture.TextureAtlas/]: Created: 256x256x0 minecraft:textures/atlas/signs.png-atlas
[22Dec2025 20:27:18.479] [Render thread/INFO] [net.minecraft.client.renderer.texture.TextureAtlas/]: Created: 512x512x0 minecraft:textures/atlas/shield_patterns.png-atlas
[22Dec2025 20:27:18.479] [Render thread/INFO] [net.minecraft.client.renderer.texture.TextureAtlas/]: Created: 512x512x0 minecraft:textures/atlas/banner_patterns.png-atlas
[22Dec2025 20:27:18.479] [Render thread/INFO] [net.minecraft.client.renderer.texture.TextureAtlas/]: Created: 1024x1024x0 minecraft:textures/atlas/armor_trims.png-atlas
[22Dec2025 20:27:18.480] [Render thread/INFO] [net.minecraft.client.renderer.texture.TextureAtlas/]: Created: 128x64x0 minecraft:textures/atlas/decorated_pot.png-atlas
[22Dec2025 20:27:18.480] [Render thread/INFO] [net.minecraft.client.renderer.texture.TextureAtlas/]: Created: 256x256x0 minecraft:textures/atlas/chest.png-atlas
[22Dec2025 20:27:18.480] [Render thread/INFO] [net.minecraft.client.renderer.texture.TextureAtlas/]: Created: 512x256x0 minecraft:textures/atlas/shulker_boxes.png-atlas
[22Dec2025 20:27:18.480] [Render thread/INFO] [net.minecraft.client.renderer.texture.TextureAtlas/]: Created: 512x256x0 minecraft:textures/atlas/beds.png-atlas
[22Dec2025 20:27:18.667] [Render thread/INFO] [net.minecraft.client.renderer.texture.TextureAtlas/]: Created: 512x256x0 minecraft:textures/atlas/particles.png-atlas
[22Dec2025 20:27:18.668] [Render thread/INFO] [net.minecraft.client.renderer.texture.TextureAtlas/]: Created: 512x256x0 minecraft:textures/atlas/paintings.png-atlas
[22Dec2025 20:27:18.668] [Render thread/INFO] [net.minecraft.client.renderer.texture.TextureAtlas/]: Created: 256x128x0 minecraft:textures/atlas/mob_effects.png-atlas
[22Dec2025 20:27:18.668] [Render thread/INFO] [net.minecraft.client.renderer.texture.TextureAtlas/]: Created: 64x64x0 minecraft:textures/atlas/map_decorations.png-atlas
[22Dec2025 20:27:18.668] [Render thread/INFO] [net.minecraft.client.renderer.texture.TextureAtlas/]: Created: 1024x512x0 minecraft:textures/atlas/gui.png-atlas
[22Dec2025 20:27:18.695] [Render thread/WARN] [net.minecraft.client.renderer.ShaderInstance/]: Shader rendertype_entity_translucent_emissive could not find sampler named Sampler2 in the specified shader program.
[22Dec2025 20:27:18.756] [Render thread/INFO] [net.neoforged.neoforge.client.entity.animation.json.AnimationLoader/]: Loaded 0 entity animations
[22Dec2025 20:27:23.523] [Render thread/INFO] [net.minecraft.world.item.crafting.RecipeManager/]: Loaded 1290 recipes
[22Dec2025 20:27:23.711] [Render thread/INFO] [net.minecraft.advancements.AdvancementTree/]: Loaded 1399 advancements
[22Dec2025 20:27:24.021] [Server thread/INFO] [net.minecraft.client.server.IntegratedServer/]: Starting integrated minecraft server version 1.21.1
[22Dec2025 20:27:24.021] [Server thread/INFO] [net.minecraft.server.MinecraftServer/]: Generating keypair
[22Dec2025 20:27:24.290] [Server thread/INFO] [net.minecraft.server.MinecraftServer/]: Preparing start region for dimension minecraft:overworld
[22Dec2025 20:27:24.463] [progressListener/INFO] [net.minecraft.server.level.progress.LoggerChunkProgressListener/]: Préparation de la zone d'apparition : 0 %
[22Dec2025 20:27:24.549] [Server thread/INFO] [net.neoforged.neoforge.server.permission.PermissionAPI/]: Successfully initialized permission handler neoforge:default_handler
[22Dec2025 20:27:24.556] [progressListener/INFO] [net.minecraft.server.level.progress.LoggerChunkProgressListener/]: Time elapsed: 251 ms
[22Dec2025 20:27:24.598] [Server thread/INFO] [net.minecraft.client.server.IntegratedServer/]: Changing view distance to 18, from 10
[22Dec2025 20:27:24.598] [Server thread/INFO] [net.minecraft.client.server.IntegratedServer/]: Changing simulation distance to 5, from 0
[22Dec2025 20:27:25.210] [Server thread/INFO] [net.minecraft.server.players.PlayerList/]: Dev[local:E:0cbc8e74] logged in with entity id 1 at (-276.49576873905374, 56.0, 128.52947592065777)
[22Dec2025 20:27:25.283] [Server thread/INFO] [net.minecraft.server.MinecraftServer/]: Dev a rejoint la partie
[22Dec2025 20:27:25.516] [Render thread/INFO] [net.minecraft.advancements.AdvancementTree/]: Loaded 13 advancements
[22Dec2025 20:27:35.851] [Server thread/INFO] [net.minecraft.client.server.IntegratedServer/]: Saving and pausing game...
[22Dec2025 20:27:35.863] [Server thread/INFO] [net.minecraft.server.MinecraftServer/]: Saving chunks for level 'ServerLevel[Nouveau monde]'/minecraft:overworld
[22Dec2025 20:27:35.875] [Server thread/INFO] [net.minecraft.server.MinecraftServer/]: Saving chunks for level 'ServerLevel[Nouveau monde]'/minecraft:the_nether
[22Dec2025 20:27:35.876] [Server thread/INFO] [net.minecraft.server.MinecraftServer/]: Saving chunks for level 'ServerLevel[Nouveau monde]'/minecraft:the_end
[22Dec2025 20:28:12.213] [Server thread/INFO] [net.minecraft.server.MinecraftServer/]: [Dev : Nettoyage de minecraft:sandstone (9,626,925,000 blocs) [Niveau: 1]...]
[22Dec2025 20:28:12.220] [Render thread/INFO] [net.minecraft.client.gui.components.ChatComponent/]: [System] [CHAT] Nettoyage de minecraft:sandstone (9,626,925,000 blocs) [Niveau: 1]...
[22Dec2025 20:28:58.913] [Render thread/INFO] [net.minecraft.advancements.AdvancementTree/]: Loaded 49 advancements
[22Dec2025 20:29:10.431] [Render thread/INFO] [net.minecraft.client.gui.components.ChatComponent/]: [System] [CHAT] Tâche déjà en cours.
[22Dec2025 20:29:18.611] [Server thread/INFO] [net.minecraft.server.MinecraftServer/]: [Dev : Tâches arrêtées.]
[22Dec2025 20:29:18.628] [Render thread/INFO] [net.minecraft.client.gui.components.ChatComponent/]: [System] [CHAT] Tâches arrêtées.
[22Dec2025 20:29:21.657] [Server thread/INFO] [net.minecraft.server.MinecraftServer/]: [Dev : Nettoyage de minecraft:sandstone (9,626,925,000 blocs) [Niveau: 5]...]
[22Dec2025 20:29:21.666] [Render thread/INFO] [net.minecraft.client.gui.components.ChatComponent/]: [System] [CHAT] Nettoyage de minecraft:sandstone (9,626,925,000 blocs) [Niveau: 5]...
[22Dec2025 20:29:25.838] [Server thread/WARN] [net.minecraft.server.MinecraftServer/]: Can't keep up! Is the server overloaded? Running 4087ms or 81 ticks behind
[22Dec2025 20:29:56.473] [Server thread/INFO] [net.minecraft.client.server.IntegratedServer/]: Saving and pausing game...
[22Dec2025 20:29:56.481] [Server thread/INFO] [net.minecraft.server.MinecraftServer/]: Saving chunks for level 'ServerLevel[Nouveau monde]'/minecraft:overworld
[22Dec2025 20:29:56.511] [Server thread/INFO] [net.minecraft.server.MinecraftServer/]: Saving chunks for level 'ServerLevel[Nouveau monde]'/minecraft:the_nether
[22Dec2025 20:29:56.512] [Server thread/INFO] [net.minecraft.server.MinecraftServer/]: Saving chunks for level 'ServerLevel[Nouveau monde]'/minecraft:the_end
[22Dec2025 20:29:56.521] [Server thread/WARN] [net.minecraft.server.MinecraftServer/]: Can't keep up! Is the server overloaded? Running 15720ms or 314 ticks behind
[22Dec2025 20:29:59.102] [Server thread/INFO] [net.minecraft.server.network.ServerGamePacketListenerImpl/]: Dev lost connection: Déconnecté(e)
[22Dec2025 20:29:59.103] [Server thread/INFO] [net.minecraft.server.MinecraftServer/]: Dev a quitté la partie
[22Dec2025 20:29:59.108] [Server thread/INFO] [net.minecraft.server.network.ServerCommonPacketListenerImpl/]: Stopping singleplayer server as player logged out
[22Dec2025 20:29:59.737] [Server thread/INFO] [net.minecraft.server.MinecraftServer/]: Stopping server
[22Dec2025 20:29:59.737] [Server thread/INFO] [net.minecraft.server.MinecraftServer/]: Saving players
[22Dec2025 20:29:59.737] [Server thread/INFO] [net.minecraft.server.MinecraftServer/]: Saving worlds
[22Dec2025 20:30:00.491] [Server thread/INFO] [net.minecraft.server.MinecraftServer/]: Saving chunks for level 'ServerLevel[Nouveau monde]'/minecraft:overworld
[22Dec2025 20:30:00.530] [Server thread/INFO] [net.minecraft.server.MinecraftServer/]: Saving chunks for level 'ServerLevel[Nouveau monde]'/minecraft:the_nether
[22Dec2025 20:30:00.534] [Server thread/INFO] [net.minecraft.server.MinecraftServer/]: Saving chunks for level 'ServerLevel[Nouveau monde]'/minecraft:the_end
[22Dec2025 20:30:00.542] [Server thread/INFO] [net.minecraft.server.MinecraftServer/]: ThreadedAnvilChunkStorage (Nouveau monde): All chunks are saved
[22Dec2025 20:30:00.543] [Server thread/INFO] [net.minecraft.server.MinecraftServer/]: ThreadedAnvilChunkStorage (DIM-1): All chunks are saved
[22Dec2025 20:30:00.543] [Server thread/INFO] [net.minecraft.server.MinecraftServer/]: ThreadedAnvilChunkStorage (DIM1): All chunks are saved
[22Dec2025 20:30:00.543] [Server thread/INFO] [net.minecraft.server.MinecraftServer/]: ThreadedAnvilChunkStorage: All dimensions are saved
[22Dec2025 20:30:01.655] [Render thread/INFO] [net.minecraft.client.Minecraft/]: Stopping!
